# JRE version: Java(TM) SE Runtime Environment (7.0_65-b17) (build 1.7.0_65-b17)
# Java VM: Java HotSpot(TM) 64-Bit Server VM (24.65-b04 mixed mode bsd-amd64 compressed oops)
Heap
 par new generation   total 19776K, used 427K [0x00000007bae00000, 0x00000007bc370000, 0x00000007cfac0000)
  eden space 17600K,   2% used [0x00000007bae00000, 0x00000007bae6ac18, 0x00000007bbf30000)
  from space 2176K,   0% used [0x00000007bbf30000, 0x00000007bbf30000, 0x00000007bc150000)
  to   space 2176K,   0% used [0x00000007bc150000, 0x00000007bc150000, 0x00000007bc370000)
 concurrent mark-sweep generation total 43712K, used 9930K [0x00000007cfac0000, 0x00000007d2570000, 0x00000007fae00000)
 concurrent-mark-sweep perm gen total 32456K, used 19371K [0x00000007fae00000, 0x00000007fcdb2000, 0x0000000800000000)
GC Heap History (10 events):
Event: 123.279 GC heap before
{Heap before GC invocations=39 (full 59):
 par new generation   total 19776K, used 246K [0x00000007bae00000, 0x00000007bc370000, 0x00000007cfac0000)
  eden space 17600K,   1% used [0x00000007bae00000, 0x00000007bae3d820, 0x00000007bbf30000)
  from space 2176K,   0% used [0x00000007bbf30000, 0x00000007bbf30000, 0x00000007bc150000)
  to   space 2176K,   0% used [0x00000007bc150000, 0x00000007bc150000, 0x00000007bc370000)
 concurrent mark-sweep generation total 43712K, used 8225K [0x00000007cfac0000, 0x00000007d2570000, 0x00000007fae00000)
 concurrent-mark-sweep perm gen total 32456K, used 19436K [0x00000007fae00000, 0x00000007fcdb2000, 0x0000000800000000)
Event: 123.330 GC heap after
Heap after GC invocations=40 (full 60):
 par new generation   total 19776K, used 0K [0x00000007bae00000, 0x00000007bc370000, 0x00000007cfac0000)
  eden space 17600K,   0% used [0x00000007bae00000, 0x00000007bae00000, 0x00000007bbf30000)
  from space 2176K,   0% used [0x00000007bbf30000, 0x00000007bbf30000, 0x00000007bc150000)
  to   space 2176K,   0% used [0x00000007bc150000, 0x00000007bc150000, 0x00000007bc370000)
 concurrent mark-sweep generation total 43712K, used 8216K [0x00000007cfac0000, 0x00000007d2570000, 0x00000007fae00000)
 concurrent-mark-sweep perm gen total 32456K, used 19436K [0x00000007fae00000, 0x00000007fcdb2000, 0x0000000800000000)
}
Event: 123.373 GC heap before
{Heap before GC invocations=40 (full 61):
 par new generation   total 19776K, used 629K [0x00000007bae00000, 0x00000007bc370000, 0x00000007cfac0000)
  eden space 17600K,   3% used [0x00000007bae00000, 0x00000007bae9d480, 0x00000007bbf30000)
  from space 2176K,   0% used [0x00000007bbf30000, 0x00000007bbf30000, 0x00000007bc150000)
  to   space 2176K,   0% used [0x00000007bc150000, 0x00000007bc150000, 0x00000007bc370000)
 concurrent mark-sweep generation total 43712K, used 8216K [0x00000007cfac0000, 0x00000007d2570000, 0x00000007fae00000)
 concurrent-mark-sweep perm gen total 32456K, used 19436K [0x00000007fae00000, 0x00000007fcdb2000, 0x0000000800000000)
Event: 123.441 GC heap after
Heap after GC invocations=41 (full 62):
 par new generation   total 19776K, used 0K [0x00000007bae00000, 0x00000007bc370000, 0x00000007cfac0000)
  eden space 17600K,   0% used [0x00000007bae00000, 0x00000007bae00000, 0x00000007bbf30000)
  from space 2176K,   0% used [0x00000007bbf30000, 0x00000007bbf30000, 0x00000007bc150000)
  to   space 2176K,   0% used [0x00000007bc150000, 0x00000007bc150000, 0x00000007bc370000)
 concurrent mark-sweep generation total 43712K, used 8214K [0x00000007cfac0000, 0x00000007d2570000, 0x00000007fae00000)
 concurrent-mark-sweep perm gen total 32456K, used 19436K [0x00000007fae00000, 0x00000007fcdb2000, 0x0000000800000000)
}
Event: 132.407 GC heap before
{Heap before GC invocations=41 (full 62):
 par new generation   total 19776K, used 807K [0x00000007bae00000, 0x00000007bc370000, 0x00000007cfac0000)
  eden space 17600K,   4% used [0x00000007bae00000, 0x00000007baec9dc8, 0x00000007bbf30000)
  from space 2176K,   0% used [0x00000007bbf30000, 0x00000007bbf30000, 0x00000007bc150000)
  to   space 2176K,   0% used [0x00000007bc150000, 0x00000007bc150000, 0x00000007bc370000)
 concurrent mark-sweep generation total 43712K, used 8214K [0x00000007cfac0000, 0x00000007d2570000, 0x00000007fae00000)
 concurrent-mark-sweep perm gen total 32456K, used 19446K [0x00000007fae00000, 0x00000007fcdb2000, 0x0000000800000000)
Event: 132.457 GC heap after
Heap after GC invocations=42 (full 63):
 par new generation   total 19776K, used 0K [0x00000007bae00000, 0x00000007bc370000, 0x00000007cfac0000)
  eden space 17600K,   0% used [0x00000007bae00000, 0x00000007bae00000, 0x00000007bbf30000)
  from space 2176K,   0% used [0x00000007bbf30000, 0x00000007bbf30000, 0x00000007bc150000)
  to   space 2176K,   0% used [0x00000007bc150000, 0x00000007bc150000, 0x00000007bc370000)
 concurrent mark-sweep generation total 43712K, used 8233K [0x00000007cfac0000, 0x00000007d2570000, 0x00000007fae00000)
 concurrent-mark-sweep perm gen total 32456K, used 19446K [0x00000007fae00000, 0x00000007fcdb2000, 0x0000000800000000)
}
Event: 15285.585 GC heap before
{Heap before GC invocations=42 (full 64):
 par new generation   total 19776K, used 4161K [0x00000007bae00000, 0x00000007bc370000, 0x00000007cfac0000)
  eden space 17600K,  23% used [0x00000007bae00000, 0x00000007bb2105c0, 0x00000007bbf30000)
  from space 2176K,   0% used [0x00000007bbf30000, 0x00000007bbf30000, 0x00000007bc150000)
  to   space 2176K,   0% used [0x00000007bc150000, 0x00000007bc150000, 0x00000007bc370000)
 concurrent mark-sweep generation total 43712K, used 8233K [0x00000007cfac0000, 0x00000007d2570000, 0x00000007fae00000)
 concurrent-mark-sweep perm gen total 32456K, used 19453K [0x00000007fae00000, 0x00000007fcdb2000, 0x0000000800000000)
Event: 15286.209 GC heap after
Heap after GC invocations=43 (full 65):
 par new generation   total 19776K, used 0K [0x00000007bae00000, 0x00000007bc370000, 0x00000007cfac0000)
  eden space 17600K,   0% used [0x00000007bae00000, 0x00000007bae00000, 0x00000007bbf30000)
  from space 2176K,   0% used [0x00000007bbf30000, 0x00000007bbf30000, 0x00000007bc150000)
  to   space 2176K,   0% used [0x00000007bc150000, 0x00000007bc150000, 0x00000007bc370000)
 concurrent mark-sweep generation total 43712K, used 8279K [0x00000007cfac0000, 0x00000007d2570000, 0x00000007fae00000)
 concurrent-mark-sweep perm gen total 32456K, used 19453K [0x00000007fae00000, 0x00000007fcdb2000, 0x0000000800000000)
}
Event: 156086.299 GC heap before
{Heap before GC invocations=43 (full 66):
 par new generation   total 19776K, used 17428K [0x00000007bae00000, 0x00000007bc370000, 0x00000007cfac0000)
  eden space 17600K,  99% used [0x00000007bae00000, 0x00000007bbf050a8, 0x00000007bbf30000)
  from space 2176K,   0% used [0x00000007bbf30000, 0x00000007bbf30000, 0x00000007bc150000)
  to   space 2176K,   0% used [0x00000007bc150000, 0x00000007bc150000, 0x00000007bc370000)
 concurrent mark-sweep generation total 43712K, used 8279K [0x00000007cfac0000, 0x00000007d2570000, 0x00000007fae00000)
 concurrent-mark-sweep perm gen total 32456K, used 19459K [0x00000007fae00000, 0x00000007fcdb2000, 0x0000000800000000)
Event: 156088.662 GC heap after
Heap after GC invocations=44 (full 67):
 par new generation   total 19776K, used 0K [0x00000007bae00000, 0x00000007bc370000, 0x00000007cfac0000)
  eden space 17600K,   0% used [0x00000007bae00000, 0x00000007bae00000, 0x00000007bbf30000)
  from space 2176K,   0% used [0x00000007bbf30000, 0x00000007bbf30000, 0x00000007bc150000)
  to   space 2176K,   0% used [0x00000007bc150000, 0x00000007bc150000, 0x00000007bc370000)
 concurrent mark-sweep generation total 43712K, used 9930K [0x00000007cfac0000, 0x00000007d2570000, 0x00000007fae00000)
 concurrent-mark-sweep perm gen total 32456K, used 19370K [0x00000007fae00000, 0x00000007fcdb2000, 0x0000000800000000)
}

